>>>TEST_IGNORE_LINE:assertions passed\.<<<
>>>TEST_IGNORE_LINE:\d milliseconds.$<<<
>>>TEST_IGNORE_LINE:\d+\spassing\s\([^\)]+\)<<<
environments: default


- [0;36mConnecting to localhost on port 4444...
[0m

  Suite
[34m[1m[pinf.it][22m[39m [34m[1mMounting route app to: TeStLoCaLiZeD/.~/gi0.PINF.it/core/getRouteApp/domplate~router~v0[22m[39m
[34m[1m[pinf.it][22m[39m [34m[1mMounting route app to: TeStLoCaLiZeD/.~/gi0.PINF.it/core/getRouteApp/it.pinf.org.browserify~router~v0[22m[39m
[bash.origin.express] Adding route: /domplate-eval.browser.js
[bash.origin.express] Adding route: /domplate.browser.js
[bash.origin.express] Adding route: /announcer1.rep.js
[bash.origin.express] Adding route: /announcer2.rep.js
[bash.origin.express] Adding route: /^\//
[bash.origin.express] Adding route: /^\/reps\//
[bash.origin.express] Adding route: /
Server: http://localhost:8080/
    ✓ Test
127.0.0.1 - "GET / HTTP/1.1" 200 - "-"
127.0.0.1 - "GET /reps/domplate.browser.js HTTP/1.1" 200 - "http://localhost:8080/"
[34m[1m[pinf.it][22m[39m [34m[1mWriting to: TeStLoCaLiZeD/.~/gi0.PINF.it/core/runTool/it.pinf.org.browserify~build~v0~a5c63421c9bc8807ee0d1490e228c0a2aa68cca6[22m[39m
[34m[1m[pinf.it][22m[39m [34m[1mWriting to: TeStLoCaLiZeD/.~/gi0.PINF.it/core/runTool/it.pinf.org.browserify~build~v0~b933e7b59d496e633d5438a0d360fc8abf56f55f[22m[39m
127.0.0.1 - "GET /reps/announcer2.rep.js HTTP/1.1" 200 - "http://localhost:8080/"
127.0.0.1 - "GET /reps/announcer1.rep.js HTTP/1.1" 200 - "http://localhost:8080/"



