>>>TEST_IGNORE_LINE:\d milliseconds.$<<<
>>>TEST_IGNORE_LINE:\d+\spassing\s\([^\)]+\)<<<
environments: default
>>>TEST_IGNORE_LINE:^[\d\.]+\s<<<


  Suite
[bash.origin.express] Adding route: /dist/domplate-eval.browser.js
[bash.origin.express] Adding route: /dist/domplate.browser.js
[bash.origin.express] Adding route: /no-eval
[bash.origin.express] Adding route: /announcer1.rep.js
[bash.origin.express] Adding route: /domplate-eval.js
[bash.origin.express] Adding route: /domplate.js
[bash.origin.express] Adding route: /^\/reps\//
[bash.origin.express] Adding route: /eval
Server: http://localhost:8080/
[READY]
DEPRECATED: 'format = "standalone"' should no longer be used. Use 'expose.window' or 'expose.exports' instead.
[bash.origin.express] Routing request / with method GET due to route /eval
[bash.origin.express] Routing request / with method GET due to route /dist/domplate-eval.browser.js
DEPRECATED: 'format = "standalone"' should no longer be used. Use 'expose.window' or 'expose.exports' instead.
[bash.origin.express] Routing request / with method GET due to route /no-eval
[bash.origin.express] Routing request / with method GET due to route /dist/domplate.browser.js
[bash.origin.express] Routing request /announcer1.rep.js with method GET due to route { /^\/reps\// fast_star: false, fast_slash: false }
[bash.origin.express] Routing request / with method GET due to route /announcer1.rep.js



