>>>TEST_IGNORE_LINE:assertions passed\.<<<
>>>TEST_IGNORE_LINE:\d milliseconds.$<<<
>>>TEST_IGNORE_LINE:\d+\spassing\s\([^\)]+\)<<<
environments: default
>>>TEST_IGNORE_LINE:^[\d\.]+\s<<<


  Suite
[bash.origin.express] Adding route: /domplate-eval.browser.js
[bash.origin.express] Adding route: /domplate.browser.js
[bash.origin.express] Adding route: /announcer3.rep.js
[bash.origin.express] Adding route: /^\//
[bash.origin.express] Adding route: /^\/reps2\//
[bash.origin.express] Adding route: /domplate-eval.browser.js
[bash.origin.express] Adding route: /domplate.browser.js
[bash.origin.express] Adding route: /announcer1.rep.js
[bash.origin.express] Adding route: /announcer2.rep.js
[bash.origin.express] Adding route: /^\//
[bash.origin.express] Adding route: /^\/reps\//
[bash.origin.express] Adding route: /
Server: http://localhost:8080/
[READY]
[bash.origin.express] Routing request / with method GET due to route /
[bash.origin.express] Routing request /domplate.browser.js with method GET due to route { /^\/reps\// fast_star: false, fast_slash: false }
[bash.origin.express] Routing request / with method GET due to route /domplate.browser.js
[bash.origin.express] Routing request /announcer1.rep.js with method GET due to route { /^\/reps\// fast_star: false, fast_slash: false }
[bash.origin.express] Routing request / with method GET due to route /announcer1.rep.js
[bash.origin.express] Routing request /announcer2.rep.js with method GET due to route { /^\/reps\// fast_star: false, fast_slash: false }
[bash.origin.express] Routing request / with method GET due to route /announcer2.rep.js
[bash.origin.express] Routing request /announcer3.rep.js with method GET due to route { /^\/reps2\// fast_star: false, fast_slash: false }
[bash.origin.express] Routing request / with method GET due to route /announcer3.rep.js
[bash.origin.express] Routing request /subdir/images/information.png with method GET due to route { /^\/reps\// fast_star: false, fast_slash: false }
[bash.origin.express] Routing request /subdir/images/information.png with method GET due to route { /^\// fast_star: false, fast_slash: false }
[bash.origin.express] Routing request /subdir/announcer3.rep.css with method GET due to route { /^\/reps2\// fast_star: false, fast_slash: false }
[bash.origin.express] Routing request /subdir/announcer3.rep.css with method GET due to route { /^\// fast_star: false, fast_slash: false }
[bash.origin.express] Routing request /subdir/images/information.png with method GET due to route { /^\/reps2\// fast_star: false, fast_slash: false }
[bash.origin.express] Routing request /subdir/images/information.png with method GET due to route { /^\// fast_star: false, fast_slash: false }



